//RESPONSE cuar SEVER
LOGIN_SUCCESS = 01,
USERNAME_NOT_EXISTED = 02,
PASSWORD_INCORRECT = 03,
SIGNIN_SUCCESS = 04,
USERNAME_EXISTED = 05,
TRUE_ANSWER = 06,
WRONG_ANSWER = 07,
INVALID_ANSWER = 10,
NO_MORE_HELP = 11,
HELP_SUCCESS = 12,
END_OF_GAME = 14

//REQUEST cuar CLIENT
LOGIN = 01,
SIGNUP = 02,
CHOOSE_ANWSER = 03,
HELP = 04,
SHOWRANKTABLE = 05,
STOPGAME = 06,
ADD_QUESTION = 07,
REQUEST_TO_CHOOSE_ANSWER = 10,
BREAK_MENU = 11,


Cach chay
SERVER: gcc server.c -o server
	./server 5550
CLIENT: gcc client.c -o client
	./client 127.0.0.1 5550